Build started 5/15/2015 12:39:54 AM.
     1>Project "C:\Users\e-LTE_000\Documents\GitHub\nyucs3113\NYUCodebase - final\NYUCodebase\NYUCodebase.vcxproj" on node 2 (Build target(s)).
     1>ClCompile:
         C:\Program Files (x86)\Microsoft Visual Studio 12.0\VC\bin\CL.exe /c /IC:\SDL2\include /IC:\SDL2_image\include /IC:\SDL2_mixer\include /ZI /nologo /W3 /WX- /sdl /Od /Oy- /D _MBCS /Gm /EHsc /RTC1 /MDd /GS /fp:precise /Zc:wchar_t /Zc:forScope /Fo"Debug\\" /Fd"Debug\vc120.pdb" /Gd /TP /analyze- /errorReport:prompt ClassDemoApp.cpp
         ClassDemoApp.cpp
     1>c:\users\e-lte_000\documents\github\nyucs3113\nyucodebase - final\nyucodebase\classdemoapp.cpp(56): warning C4305: 'argument' : truncation from 'double' to 'float'
     1>c:\users\e-lte_000\documents\github\nyucs3113\nyucodebase - final\nyucodebase\classdemoapp.cpp(69): warning C4244: '=' : conversion from 'double' to 'float', possible loss of data
     1>c:\users\e-lte_000\documents\github\nyucs3113\nyucodebase - final\nyucodebase\classdemoapp.cpp(74): warning C4305: '+=' : truncation from 'double' to 'float'
     1>c:\users\e-lte_000\documents\github\nyucs3113\nyucodebase - final\nyucodebase\classdemoapp.cpp(76): warning C4305: '-=' : truncation from 'double' to 'float'
     1>c:\users\e-lte_000\documents\github\nyucs3113\nyucodebase - final\nyucodebase\classdemoapp.cpp(188): warning C4244: 'argument' : conversion from 'int' to 'float', possible loss of data
     1>c:\users\e-lte_000\documents\github\nyucs3113\nyucodebase - final\nyucodebase\classdemoapp.cpp(203): warning C4305: 'argument' : truncation from 'double' to 'float'
     1>c:\users\e-lte_000\documents\github\nyucs3113\nyucodebase - final\nyucodebase\classdemoapp.cpp(216): warning C4244: '=' : conversion from 'double' to 'float', possible loss of data
     1>c:\users\e-lte_000\documents\github\nyucs3113\nyucodebase - final\nyucodebase\classdemoapp.cpp(221): warning C4305: '+=' : truncation from 'double' to 'float'
     1>c:\users\e-lte_000\documents\github\nyucs3113\nyucodebase - final\nyucodebase\classdemoapp.cpp(223): warning C4305: '-=' : truncation from 'double' to 'float'
     1>c:\users\e-lte_000\documents\github\nyucs3113\nyucodebase - final\nyucodebase\classdemoapp.cpp(235): warning C4305: 'argument' : truncation from 'double' to 'float'
     1>c:\users\e-lte_000\documents\github\nyucs3113\nyucodebase - final\nyucodebase\classdemoapp.cpp(239): warning C4305: 'argument' : truncation from 'double' to 'float'
     1>c:\users\e-lte_000\documents\github\nyucs3113\nyucodebase - final\nyucodebase\classdemoapp.cpp(241): warning C4305: 'argument' : truncation from 'double' to 'float'
     1>c:\users\e-lte_000\documents\github\nyucs3113\nyucodebase - final\nyucodebase\classdemoapp.cpp(247): warning C4305: 'argument' : truncation from 'double' to 'float'
       Link:
         C:\Program Files (x86)\Microsoft Visual Studio 12.0\VC\bin\link.exe /ERRORREPORT:PROMPT /OUT:"C:\Users\e-LTE_000\Documents\GitHub\nyucs3113\NYUCodebase - final\Debug\NYUCodebase.exe" /INCREMENTAL /NOLOGO /LIBPATH:C:\SDL2\lib\x86 /LIBPATH:C:\SDL2_image\lib\x86 /LIBPATH:C:\SDL2_mixer\lib\x86 SDL2.lib SDL2main.lib SDL2_image.lib SDL2_mixer.lib OpenGL32.lib /MANIFEST /MANIFESTUAC:"level='asInvoker' uiAccess='false'" /manifest:embed /DEBUG /PDB:"C:\Users\e-LTE_000\Documents\GitHub\nyucs3113\NYUCodebase - final\Debug\NYUCodebase.pdb" /SUBSYSTEM:WINDOWS /TLBID:1 /DYNAMICBASE /NXCOMPAT /IMPLIB:"C:\Users\e-LTE_000\Documents\GitHub\nyucs3113\NYUCodebase - final\Debug\NYUCodebase.lib" /MACHINE:X86 Debug\Bullet.obj
         Debug\ClassDemoApp.obj
         Debug\SpriteSheet.obj
         Debug\final.obj
         NYUCodebase.vcxproj -> C:\Users\e-LTE_000\Documents\GitHub\nyucs3113\NYUCodebase - final\Debug\NYUCodebase.exe
     1>Done Building Project "C:\Users\e-LTE_000\Documents\GitHub\nyucs3113\NYUCodebase - final\NYUCodebase\NYUCodebase.vcxproj" (Build target(s)).

Build succeeded.

Time Elapsed 00:00:01.89
